  Kursova.cpp
C:\Users\indef\OneDrive\Документы\Kursova\Kursova\Kursova.cpp(13,17): warning C4566: character represented by universal-character-name '\u0412' cannot be represented in the current code page (1252)
C:\Users\indef\OneDrive\Документы\Kursova\Kursova\Kursova.cpp(13,17): warning C4566: character represented by universal-character-name '\u0438' cannot be represented in the current code page (1252)
C:\Users\indef\OneDrive\Документы\Kursova\Kursova\Kursova.cpp(13,17): warning C4566: character represented by universal-character-name '\u0431' cannot be represented in the current code page (1252)
C:\Users\indef\OneDrive\Документы\Kursova\Kursova\Kursova.cpp(13,17): warning C4566: character represented by universal-character-name '\u0435' cannot be represented in the current code page (1252)
C:\Users\indef\OneDrive\Документы\Kursova\Kursova\Kursova.cpp(13,17): warning C4566: character represented by universal-character-name '\u0440' cannot be represented in the current code page (1252)
C:\Users\indef\OneDrive\Документы\Kursova\Kursova\Kursova.cpp(13,17): warning C4566: character represented by universal-character-name '\u0456' cannot be represented in the current code page (1252)
C:\Users\indef\OneDrive\Документы\Kursova\Kursova\Kursova.cpp(13,17): warning C4566: character represented by universal-character-name '\u0442' cannot be represented in the current code page (1252)
C:\Users\indef\OneDrive\Документы\Kursova\Kursova\Kursova.cpp(13,17): warning C4566: character represented by universal-character-name '\u044C' cannot be represented in the current code page (1252)
C:\Users\indef\OneDrive\Документы\Kursova\Kursova\Kursova.cpp(13,17): warning C4566: character represented by universal-character-name '\u0430' cannot be represented in the current code page (1252)
C:\Users\indef\OneDrive\Документы\Kursova\Kursova\Kursova.cpp(13,17): warning C4566: character represented by universal-character-name '\u043A' cannot be represented in the current code page (1252)
C:\Users\indef\OneDrive\Документы\Kursova\Kursova\Kursova.cpp(13,17): warning C4566: character represented by universal-character-name '\u0443' cannot be represented in the current code page (1252)
C:\Users\indef\OneDrive\Документы\Kursova\Kursova\Kursova.cpp(13,17): warning C4566: character represented by universal-character-name '\u043D' cannot be represented in the current code page (1252)
C:\Users\indef\OneDrive\Документы\Kursova\Kursova\Kursova.cpp(13,17): warning C4566: character represented by universal-character-name '\u0434' cannot be represented in the current code page (1252)
C:\Users\indef\OneDrive\Документы\Kursova\Kursova\Kursova.cpp(13,17): warning C4566: character represented by universal-character-name '\u043B' cannot be represented in the current code page (1252)
C:\Users\indef\OneDrive\Документы\Kursova\Kursova\Kursova.cpp(13,17): warning C4566: character represented by universal-character-name '\u044F' cannot be represented in the current code page (1252)
C:\Users\indef\OneDrive\Документы\Kursova\Kursova\Kursova.cpp(13,17): warning C4566: character represented by universal-character-name '\u0432' cannot be represented in the current code page (1252)
C:\Users\indef\OneDrive\Документы\Kursova\Kursova\Kursova.cpp(13,17): warning C4566: character represented by universal-character-name '\u0445' cannot be represented in the current code page (1252)
C:\Users\indef\OneDrive\Документы\Kursova\Kursova\Kursova.cpp(13,17): warning C4566: character represented by universal-character-name '\u043E' cannot be represented in the current code page (1252)
C:\Users\indef\OneDrive\Документы\Kursova\Kursova\Kursova.cpp(14,17): warning C4566: character represented by universal-character-name '\u041F' cannot be represented in the current code page (1252)
C:\Users\indef\OneDrive\Документы\Kursova\Kursova\Kursova.cpp(14,17): warning C4566: character represented by universal-character-name '\u0440' cannot be represented in the current code page (1252)
C:\Users\indef\OneDrive\Документы\Kursova\Kursova\Kursova.cpp(14,17): warning C4566: character represented by universal-character-name '\u043E' cannot be represented in the current code page (1252)
C:\Users\indef\OneDrive\Документы\Kursova\Kursova\Kursova.cpp(14,17): warning C4566: character represented by universal-character-name '\u0434' cannot be represented in the current code page (1252)
C:\Users\indef\OneDrive\Документы\Kursova\Kursova\Kursova.cpp(14,17): warning C4566: character represented by universal-character-name '\u0430' cannot be represented in the current code page (1252)
C:\Users\indef\OneDrive\Документы\Kursova\Kursova\Kursova.cpp(14,17): warning C4566: character represented by universal-character-name '\u0432' cannot be represented in the current code page (1252)
C:\Users\indef\OneDrive\Документы\Kursova\Kursova\Kursova.cpp(14,17): warning C4566: character represented by universal-character-name '\u0435' cannot be represented in the current code page (1252)
C:\Users\indef\OneDrive\Документы\Kursova\Kursova\Kursova.cpp(14,17): warning C4566: character represented by universal-character-name '\u0446' cannot be represented in the current code page (1252)
C:\Users\indef\OneDrive\Документы\Kursova\Kursova\Kursova.cpp(14,17): warning C4566: character represented by universal-character-name '\u044C' cannot be represented in the current code page (1252)
C:\Users\indef\OneDrive\Документы\Kursova\Kursova\Kursova.cpp(15,17): warning C4566: character represented by universal-character-name '\u041F' cannot be represented in the current code page (1252)
C:\Users\indef\OneDrive\Документы\Kursova\Kursova\Kursova.cpp(15,17): warning C4566: character represented by universal-character-name '\u043E' cannot be represented in the current code page (1252)
C:\Users\indef\OneDrive\Документы\Kursova\Kursova\Kursova.cpp(15,17): warning C4566: character represented by universal-character-name '\u043A' cannot be represented in the current code page (1252)
C:\Users\indef\OneDrive\Документы\Kursova\Kursova\Kursova.cpp(15,17): warning C4566: character represented by universal-character-name '\u0443' cannot be represented in the current code page (1252)
C:\Users\indef\OneDrive\Документы\Kursova\Kursova\Kursova.cpp(15,17): warning C4566: character represented by universal-character-name '\u043F' cannot be represented in the current code page (1252)
C:\Users\indef\OneDrive\Документы\Kursova\Kursova\Kursova.cpp(15,17): warning C4566: character represented by universal-character-name '\u0435' cannot be represented in the current code page (1252)
C:\Users\indef\OneDrive\Документы\Kursova\Kursova\Kursova.cpp(15,17): warning C4566: character represented by universal-character-name '\u0446' cannot be represented in the current code page (1252)
C:\Users\indef\OneDrive\Документы\Kursova\Kursova\Kursova.cpp(15,17): warning C4566: character represented by universal-character-name '\u044C' cannot be represented in the current code page (1252)
C:\Users\indef\OneDrive\Документы\Kursova\Kursova\Kursova.cpp(16,17): warning C4566: character represented by universal-character-name '\u0412' cannot be represented in the current code page (1252)
C:\Users\indef\OneDrive\Документы\Kursova\Kursova\Kursova.cpp(16,17): warning C4566: character represented by universal-character-name '\u0430' cannot be represented in the current code page (1252)
C:\Users\indef\OneDrive\Документы\Kursova\Kursova\Kursova.cpp(16,17): warning C4566: character represented by universal-character-name '\u0448' cannot be represented in the current code page (1252)
C:\Users\indef\OneDrive\Документы\Kursova\Kursova\Kursova.cpp(16,17): warning C4566: character represented by universal-character-name '\u0432' cannot be represented in the current code page (1252)
C:\Users\indef\OneDrive\Документы\Kursova\Kursova\Kursova.cpp(16,17): warning C4566: character represented by universal-character-name '\u0438' cannot be represented in the current code page (1252)
C:\Users\indef\OneDrive\Документы\Kursova\Kursova\Kursova.cpp(16,17): warning C4566: character represented by universal-character-name '\u0431' cannot be represented in the current code page (1252)
C:\Users\indef\OneDrive\Документы\Kursova\Kursova\Kursova.cpp(16,17): warning C4566: character represented by universal-character-name '\u0456' cannot be represented in the current code page (1252)
C:\Users\indef\OneDrive\Документы\Kursova\Kursova\Kursova.cpp(16,17): warning C4566: character represented by universal-character-name '\u0440' cannot be represented in the current code page (1252)
C:\Users\indef\OneDrive\Документы\Kursova\Kursova\Kursova.cpp(19,44): warning C4566: character represented by universal-character-name '\u043F' cannot be represented in the current code page (1252)
C:\Users\indef\OneDrive\Документы\Kursova\Kursova\Kursova.cpp(19,44): warning C4566: character represented by universal-character-name '\u0440' cannot be represented in the current code page (1252)
C:\Users\indef\OneDrive\Документы\Kursova\Kursova\Kursova.cpp(19,44): warning C4566: character represented by universal-character-name '\u043E' cannot be represented in the current code page (1252)
C:\Users\indef\OneDrive\Документы\Kursova\Kursova\Kursova.cpp(19,44): warning C4566: character represented by universal-character-name '\u0434' cannot be represented in the current code page (1252)
C:\Users\indef\OneDrive\Документы\Kursova\Kursova\Kursova.cpp(19,44): warning C4566: character represented by universal-character-name '\u0430' cannot be represented in the current code page (1252)
C:\Users\indef\OneDrive\Документы\Kursova\Kursova\Kursova.cpp(19,44): warning C4566: character represented by universal-character-name '\u0432' cannot be represented in the current code page (1252)
C:\Users\indef\OneDrive\Документы\Kursova\Kursova\Kursova.cpp(19,44): warning C4566: character represented by universal-character-name '\u0435' cannot be represented in the current code page (1252)
C:\Users\indef\OneDrive\Документы\Kursova\Kursova\Kursova.cpp(19,44): warning C4566: character represented by universal-character-name '\u0446' cannot be represented in the current code page (1252)
C:\Users\indef\OneDrive\Документы\Kursova\Kursova\Kursova.cpp(19,44): warning C4566: character represented by universal-character-name '\u044C' cannot be represented in the current code page (1252)
C:\Users\indef\OneDrive\Документы\Kursova\Kursova\Kursova.cpp(20,21): warning C4566: character represented by universal-character-name '\u0412' cannot be represented in the current code page (1252)
C:\Users\indef\OneDrive\Документы\Kursova\Kursova\Kursova.cpp(20,21): warning C4566: character represented by universal-character-name '\u0438' cannot be represented in the current code page (1252)
C:\Users\indef\OneDrive\Документы\Kursova\Kursova\Kursova.cpp(20,21): warning C4566: character represented by universal-character-name '\u0443' cannot be represented in the current code page (1252)
C:\Users\indef\OneDrive\Документы\Kursova\Kursova\Kursova.cpp(20,21): warning C4566: character represented by universal-character-name '\u0441' cannot be represented in the current code page (1252)
C:\Users\indef\OneDrive\Документы\Kursova\Kursova\Kursova.cpp(20,21): warning C4566: character represented by universal-character-name '\u043F' cannot be represented in the current code page (1252)
C:\Users\indef\OneDrive\Документы\Kursova\Kursova\Kursova.cpp(20,21): warning C4566: character represented by universal-character-name '\u0456' cannot be represented in the current code page (1252)
C:\Users\indef\OneDrive\Документы\Kursova\Kursova\Kursova.cpp(20,21): warning C4566: character represented by universal-character-name '\u0448' cannot be represented in the current code page (1252)
C:\Users\indef\OneDrive\Документы\Kursova\Kursova\Kursova.cpp(20,21): warning C4566: character represented by universal-character-name '\u043D' cannot be represented in the current code page (1252)
C:\Users\indef\OneDrive\Документы\Kursova\Kursova\Kursova.cpp(20,21): warning C4566: character represented by universal-character-name '\u043E' cannot be represented in the current code page (1252)
C:\Users\indef\OneDrive\Документы\Kursova\Kursova\Kursova.cpp(20,21): warning C4566: character represented by universal-character-name '\u0432' cannot be represented in the current code page (1252)
C:\Users\indef\OneDrive\Документы\Kursova\Kursova\Kursova.cpp(20,21): warning C4566: character represented by universal-character-name '\u0439' cannot be represented in the current code page (1252)
C:\Users\indef\OneDrive\Документы\Kursova\Kursova\Kursova.cpp(20,21): warning C4566: character represented by universal-character-name '\u043B' cannot be represented in the current code page (1252)
C:\Users\indef\OneDrive\Документы\Kursova\Kursova\Kursova.cpp(20,21): warning C4566: character represented by universal-character-name '\u044F' cannot be represented in the current code page (1252)
C:\Users\indef\OneDrive\Документы\Kursova\Kursova\Kursova.cpp(20,21): warning C4566: character represented by universal-character-name '\u043A' cannot be represented in the current code page (1252)
C:\Users\indef\OneDrive\Документы\Kursova\Kursova\Kursova.cpp(20,21): warning C4566: character represented by universal-character-name '\u041F' cannot be represented in the current code page (1252)
C:\Users\indef\OneDrive\Документы\Kursova\Kursova\Kursova.cpp(20,21): warning C4566: character represented by universal-character-name '\u0440' cannot be represented in the current code page (1252)
C:\Users\indef\OneDrive\Документы\Kursova\Kursova\Kursova.cpp(20,21): warning C4566: character represented by universal-character-name '\u0434' cannot be represented in the current code page (1252)
C:\Users\indef\OneDrive\Документы\Kursova\Kursova\Kursova.cpp(20,21): warning C4566: character represented by universal-character-name '\u0430' cannot be represented in the current code page (1252)
C:\Users\indef\OneDrive\Документы\Kursova\Kursova\Kursova.cpp(20,21): warning C4566: character represented by universal-character-name '\u0435' cannot be represented in the current code page (1252)
C:\Users\indef\OneDrive\Документы\Kursova\Kursova\Kursova.cpp(20,21): warning C4566: character represented by universal-character-name '\u0446' cannot be represented in the current code page (1252)
C:\Users\indef\OneDrive\Документы\Kursova\Kursova\Kursova.cpp(20,21): warning C4566: character represented by universal-character-name '\u044C' cannot be represented in the current code page (1252)
C:\Users\indef\OneDrive\Документы\Kursova\Kursova\Kursova.cpp(23,49): warning C4566: character represented by universal-character-name '\u043F' cannot be represented in the current code page (1252)
C:\Users\indef\OneDrive\Документы\Kursova\Kursova\Kursova.cpp(23,49): warning C4566: character represented by universal-character-name '\u043E' cannot be represented in the current code page (1252)
C:\Users\indef\OneDrive\Документы\Kursova\Kursova\Kursova.cpp(23,49): warning C4566: character represented by universal-character-name '\u043A' cannot be represented in the current code page (1252)
C:\Users\indef\OneDrive\Документы\Kursova\Kursova\Kursova.cpp(23,49): warning C4566: character represented by universal-character-name '\u0443' cannot be represented in the current code page (1252)
C:\Users\indef\OneDrive\Документы\Kursova\Kursova\Kursova.cpp(23,49): warning C4566: character represented by universal-character-name '\u0435' cannot be represented in the current code page (1252)
C:\Users\indef\OneDrive\Документы\Kursova\Kursova\Kursova.cpp(23,49): warning C4566: character represented by universal-character-name '\u0446' cannot be represented in the current code page (1252)
C:\Users\indef\OneDrive\Документы\Kursova\Kursova\Kursova.cpp(23,49): warning C4566: character represented by universal-character-name '\u044C' cannot be represented in the current code page (1252)
C:\Users\indef\OneDrive\Документы\Kursova\Kursova\Kursova.cpp(24,21): warning C4566: character represented by universal-character-name '\u0412' cannot be represented in the current code page (1252)
C:\Users\indef\OneDrive\Документы\Kursova\Kursova\Kursova.cpp(24,21): warning C4566: character represented by universal-character-name '\u0438' cannot be represented in the current code page (1252)
C:\Users\indef\OneDrive\Документы\Kursova\Kursova\Kursova.cpp(24,21): warning C4566: character represented by universal-character-name '\u0443' cannot be represented in the current code page (1252)
C:\Users\indef\OneDrive\Документы\Kursova\Kursova\Kursova.cpp(24,21): warning C4566: character represented by universal-character-name '\u0441' cannot be represented in the current code page (1252)
C:\Users\indef\OneDrive\Документы\Kursova\Kursova\Kursova.cpp(24,21): warning C4566: character represented by universal-character-name '\u043F' cannot be represented in the current code page (1252)
C:\Users\indef\OneDrive\Документы\Kursova\Kursova\Kursova.cpp(24,21): warning C4566: character represented by universal-character-name '\u0456' cannot be represented in the current code page (1252)
C:\Users\indef\OneDrive\Документы\Kursova\Kursova\Kursova.cpp(24,21): warning C4566: character represented by universal-character-name '\u0448' cannot be represented in the current code page (1252)
C:\Users\indef\OneDrive\Документы\Kursova\Kursova\Kursova.cpp(24,21): warning C4566: character represented by universal-character-name '\u043D' cannot be represented in the current code page (1252)
C:\Users\indef\OneDrive\Документы\Kursova\Kursova\Kursova.cpp(24,21): warning C4566: character represented by universal-character-name '\u043E' cannot be represented in the current code page (1252)
C:\Users\indef\OneDrive\Документы\Kursova\Kursova\Kursova.cpp(24,21): warning C4566: character represented by universal-character-name '\u0432' cannot be represented in the current code page (1252)
C:\Users\indef\OneDrive\Документы\Kursova\Kursova\Kursova.cpp(24,21): warning C4566: character represented by universal-character-name '\u0439' cannot be represented in the current code page (1252)
C:\Users\indef\OneDrive\Документы\Kursova\Kursova\Kursova.cpp(24,21): warning C4566: character represented by universal-character-name '\u043B' cannot be represented in the current code page (1252)
C:\Users\indef\OneDrive\Документы\Kursova\Kursova\Kursova.cpp(24,21): warning C4566: character represented by universal-character-name '\u044F' cannot be represented in the current code page (1252)
C:\Users\indef\OneDrive\Документы\Kursova\Kursova\Kursova.cpp(24,21): warning C4566: character represented by universal-character-name '\u043A' cannot be represented in the current code page (1252)
C:\Users\indef\OneDrive\Документы\Kursova\Kursova\Kursova.cpp(24,21): warning C4566: character represented by universal-character-name '\u041F' cannot be represented in the current code page (1252)
C:\Users\indef\OneDrive\Документы\Kursova\Kursova\Kursova.cpp(24,21): warning C4566: character represented by universal-character-name '\u0435' cannot be represented in the current code page (1252)
C:\Users\indef\OneDrive\Документы\Kursova\Kursova\Kursova.cpp(24,21): warning C4566: character represented by universal-character-name '\u0446' cannot be represented in the current code page (1252)
C:\Users\indef\OneDrive\Документы\Kursova\Kursova\Kursova.cpp(24,21): warning C4566: character represented by universal-character-name '\u044C' cannot be represented in the current code page (1252)
C:\Users\indef\OneDrive\Документы\Kursova\Kursova\Kursova.cpp(28,21): warning C4566: character represented by universal-character-name '\u041D' cannot be represented in the current code page (1252)
C:\Users\indef\OneDrive\Документы\Kursova\Kursova\Kursova.cpp(28,21): warning C4566: character represented by universal-character-name '\u0435' cannot be represented in the current code page (1252)
C:\Users\indef\OneDrive\Документы\Kursova\Kursova\Kursova.cpp(28,21): warning C4566: character represented by universal-character-name '\u0432' cannot be represented in the current code page (1252)
C:\Users\indef\OneDrive\Документы\Kursova\Kursova\Kursova.cpp(28,21): warning C4566: character represented by universal-character-name '\u0456' cannot be represented in the current code page (1252)
C:\Users\indef\OneDrive\Документы\Kursova\Kursova\Kursova.cpp(28,21): warning C4566: character represented by universal-character-name '\u0440' cannot be represented in the current code page (1252)
C:\Users\indef\OneDrive\Документы\Kursova\Kursova\Kursova.cpp(28,21): warning C4566: character represented by universal-character-name '\u043D' cannot be represented in the current code page (1252)
C:\Users\indef\OneDrive\Документы\Kursova\Kursova\Kursova.cpp(28,21): warning C4566: character represented by universal-character-name '\u0438' cannot be represented in the current code page (1252)
C:\Users\indef\OneDrive\Документы\Kursova\Kursova\Kursova.cpp(28,21): warning C4566: character represented by universal-character-name '\u0439' cannot be represented in the current code page (1252)
C:\Users\indef\OneDrive\Документы\Kursova\Kursova\Kursova.cpp(28,21): warning C4566: character represented by universal-character-name '\u0431' cannot be represented in the current code page (1252)
C:\Users\indef\OneDrive\Документы\Kursova\Kursova\Kursova.cpp(28,21): warning C4566: character represented by universal-character-name '\u0441' cannot be represented in the current code page (1252)
C:\Users\indef\OneDrive\Документы\Kursova\Kursova\Kursova.cpp(28,21): warning C4566: character represented by universal-character-name '\u043F' cannot be represented in the current code page (1252)
C:\Users\indef\OneDrive\Документы\Kursova\Kursova\Kursova.cpp(28,21): warning C4566: character represented by universal-character-name '\u043E' cannot be represented in the current code page (1252)
C:\Users\indef\OneDrive\Документы\Kursova\Kursova\Kursova.cpp(28,21): warning C4566: character represented by universal-character-name '\u0443' cannot be represented in the current code page (1252)
C:\Users\indef\OneDrive\Документы\Kursova\Kursova\Kursova.cpp(28,21): warning C4566: character represented by universal-character-name '\u0442' cannot be represented in the current code page (1252)
C:\Users\indef\OneDrive\Документы\Kursova\Kursova\Kursova.cpp(28,21): warning C4566: character represented by universal-character-name '\u0449' cannot be represented in the current code page (1252)
C:\Users\indef\OneDrive\Документы\Kursova\Kursova\Kursova.cpp(28,21): warning C4566: character represented by universal-character-name '\u0430' cannot be represented in the current code page (1252)
C:\Users\indef\OneDrive\Документы\Kursova\Kursova\Kursova.cpp(28,21): warning C4566: character represented by universal-character-name '\u0437' cannot be represented in the current code page (1252)
  Kursova.vcxproj -> C:\Users\indef\OneDrive\Документы\Kursova\x64\Debug\Kursova.exe
